[debug] [2024-04-16T19:04:07.873Z] ----------------------------------------------------------------------
[debug] [2024-04-16T19:04:07.878Z] Command:       C:\Program Files\nodejs\node.exe C:\Program Files\nodejs\node_modules\firebase-tools\lib\bin\firebase.js init
[debug] [2024-04-16T19:04:07.879Z] CLI Version:   13.7.2
[debug] [2024-04-16T19:04:07.880Z] Platform:      win32
[debug] [2024-04-16T19:04:07.880Z] Node Version:  v20.10.0
[debug] [2024-04-16T19:04:07.880Z] Time:          Wed Apr 17 2024 00:34:07 GMT+0530 (India Standard Time)
[debug] [2024-04-16T19:04:07.880Z] ----------------------------------------------------------------------
[debug] 
[debug] [2024-04-16T19:04:07.886Z] >>> [apiv2][query] GET https://firebase-public.firebaseio.com/cli.json [none]
[debug] [2024-04-16T19:04:07.974Z] > command requires scopes: ["email","openid","https://www.googleapis.com/auth/cloudplatformprojects.readonly","https://www.googleapis.com/auth/firebase","https://www.googleapis.com/auth/cloud-platform"]
[debug] [2024-04-16T19:04:07.975Z] > authorizing via signed-in user (anirudh.av02@gmail.com)
[info] 
     ######## #### ########  ######## ########     ###     ######  ########
     ##        ##  ##     ## ##       ##     ##  ##   ##  ##       ##
     ######    ##  ########  ######   ########  #########  ######  ######
     ##        ##  ##    ##  ##       ##     ## ##     ##       ## ##
     ##       #### ##     ## ######## ########  ##     ##  ######  ########

You're about to initialize a Firebase project in this directory:

  F:\Documents\GitHub\Next.js\chitnet

[debug] [2024-04-16T19:04:08.572Z] <<< [apiv2][status] GET https://firebase-public.firebaseio.com/cli.json 200
[debug] [2024-04-16T19:04:08.573Z] <<< [apiv2][body] GET https://firebase-public.firebaseio.com/cli.json {"cloudBuildErrorAfter":1594252800000,"cloudBuildWarnAfter":1590019200000,"defaultNode10After":1594252800000,"minVersion":"3.0.5","node8DeploysDisabledAfter":1613390400000,"node8RuntimeDisabledAfter":1615809600000,"node8WarnAfter":1600128000000}
